0 info it worked if it ends with ok
1 verbose cli [ '/Users/a12711/.nvm/versions/node/v6.10.1/bin/node',
1 verbose cli   '/Users/a12711/.nvm/versions/node/v6.10.1/bin/npm',
1 verbose cli   'start' ]
2 info using npm@3.10.10
3 info using node@v6.10.1
4 verbose run-script [ 'prestart', 'start', 'poststart' ]
5 info lifecycle react-redux-materialui@1.0.0~prestart: react-redux-materialui@1.0.0
6 silly lifecycle react-redux-materialui@1.0.0~prestart: no script for prestart, continuing
7 info lifecycle react-redux-materialui@1.0.0~start: react-redux-materialui@1.0.0
8 verbose lifecycle react-redux-materialui@1.0.0~start: unsafe-perm in lifecycle true
9 verbose lifecycle react-redux-materialui@1.0.0~start: PATH: /Users/a12711/.nvm/versions/node/v6.10.1/lib/node_modules/npm/bin/node-gyp-bin:/Users/a12711/Documents/git-localrepository/manga-list-2/node_modules/.bin:/Users/a12711/.nvm/versions/node/v6.10.1/bin:/usr/local/heroku/bin:/Users/a12711/anaconda/bin:/Users/a12711/.rbenv/shims:/Users/a12711/.rbenv/bin:/Users/a12711/.gvm/bin:/usr/local/bin:/usr/bin:/bin:/usr/sbin:/sbin:/usr/local/go/bin:/Users/a12711/Documents/git-localrepository/erd/dist/build/erd:/Users/a12711/Library/Android/sdk/platform-tools:/Users/a12711/Library/Android/sdk/tools:/Users/a12711/Documents/go_appengine:/Users/a12711/work/bin:/Users/a12711/Documents/git-localrepository/erd/dist/build/erd:/usr/local/go/bin
10 verbose lifecycle react-redux-materialui@1.0.0~start: CWD: /Users/a12711/Documents/git-localrepository/manga-list-2
11 silly lifecycle react-redux-materialui@1.0.0~start: Args: [ '-c',
11 silly lifecycle   'webpack-dev-server --hot --inline --progress --colors --port 9000 --history-api-fallback' ]
12 silly lifecycle react-redux-materialui@1.0.0~start: Returned: code: 1  signal: null
13 info lifecycle react-redux-materialui@1.0.0~start: Failed to exec start script
14 verbose stack Error: react-redux-materialui@1.0.0 start: `webpack-dev-server --hot --inline --progress --colors --port 9000 --history-api-fallback`
14 verbose stack Exit status 1
14 verbose stack     at EventEmitter.<anonymous> (/Users/a12711/.nvm/versions/node/v6.10.1/lib/node_modules/npm/lib/utils/lifecycle.js:255:16)
14 verbose stack     at emitTwo (events.js:106:13)
14 verbose stack     at EventEmitter.emit (events.js:191:7)
14 verbose stack     at ChildProcess.<anonymous> (/Users/a12711/.nvm/versions/node/v6.10.1/lib/node_modules/npm/lib/utils/spawn.js:40:14)
14 verbose stack     at emitTwo (events.js:106:13)
14 verbose stack     at ChildProcess.emit (events.js:191:7)
14 verbose stack     at maybeClose (internal/child_process.js:886:16)
14 verbose stack     at Process.ChildProcess._handle.onexit (internal/child_process.js:226:5)
15 verbose pkgid react-redux-materialui@1.0.0
16 verbose cwd /Users/a12711/Documents/git-localrepository/manga-list-2
17 error Darwin 16.0.0
18 error argv "/Users/a12711/.nvm/versions/node/v6.10.1/bin/node" "/Users/a12711/.nvm/versions/node/v6.10.1/bin/npm" "start"
19 error node v6.10.1
20 error npm  v3.10.10
21 error code ELIFECYCLE
22 error react-redux-materialui@1.0.0 start: `webpack-dev-server --hot --inline --progress --colors --port 9000 --history-api-fallback`
22 error Exit status 1
23 error Failed at the react-redux-materialui@1.0.0 start script 'webpack-dev-server --hot --inline --progress --colors --port 9000 --history-api-fallback'.
23 error Make sure you have the latest version of node.js and npm installed.
23 error If you do, this is most likely a problem with the react-redux-materialui package,
23 error not with npm itself.
23 error Tell the author that this fails on your system:
23 error     webpack-dev-server --hot --inline --progress --colors --port 9000 --history-api-fallback
23 error You can get information on how to open an issue for this project with:
23 error     npm bugs react-redux-materialui
23 error Or if that isn't available, you can get their info via:
23 error     npm owner ls react-redux-materialui
23 error There is likely additional logging output above.
24 verbose exit [ 1, true ]
